2016-12-29 18:39:22,110 [Worker-19] INFO  o.e.m.c.i.l.LifecycleMappingFactory - Using org.maven.ide.eclipse.wtp.WarLifecycleMapping lifecycle mapping for MavenProject: SurveyRESTfulService:SurveyRESTfulService:0.0.1-SNAPSHOT @ C:\Users\컨杖欌渠\Documents\GitHub\SurveyService\SurveyRESTfulService\SurveyRESTfulService\pom.xml.
2016-12-29 18:39:24,848 [Worker-19] INFO  o.e.m.j.i.AbstractJavaProjectConfigurator - Adding source folder /SurveyRESTfulService/src
2016-12-29 18:39:24,849 [Worker-19] INFO  o.e.m.j.i.AbstractJavaProjectConfigurator - Not adding source folder /SurveyRESTfulService/src/test/java because it overlaps with /SurveyRESTfulService/src
2016-12-29 18:39:25,810 [Worker-8] WARN  o.e.m.c.i.embedder.EclipseLogger - Using platform encoding (Cp1251 actually) to copy filtered resources, i.e. build is platform dependent!
2016-12-29 18:39:26,203 [Worker-8] INFO  o.e.m.c.i.embedder.EclipseLogger - skip non existing resourceDirectory C:\Users\컨杖欌渠\Documents\GitHub\SurveyService\SurveyRESTfulService\SurveyRESTfulService\src\main\resources
2016-12-29 18:39:26,208 [Worker-8] WARN  o.e.m.c.i.embedder.EclipseLogger - Using platform encoding (Cp1251 actually) to copy filtered resources, i.e. build is platform dependent!
2016-12-29 18:39:26,257 [Worker-19] INFO  o.e.m.c.i.p.ProjectConfigurationManager - Update started
2016-12-29 18:39:26,322 [Worker-8] INFO  o.e.m.c.i.embedder.EclipseLogger - skip non existing resourceDirectory C:\Users\컨杖欌渠\Documents\GitHub\SurveyService\SurveyRESTfulService\SurveyRESTfulService\src\test\resources
2016-12-29 18:39:27,185 [Worker-19] INFO  o.e.m.c.i.l.LifecycleMappingFactory - Using org.maven.ide.eclipse.wtp.WarLifecycleMapping lifecycle mapping for MavenProject: SurveyRESTfulService:SurveyRESTfulService:0.0.1-SNAPSHOT @ C:\Users\컨杖欌渠\Documents\GitHub\SurveyService\SurveyRESTfulService\SurveyRESTfulService\pom.xml.
2016-12-29 18:39:28,800 [Worker-18] WARN  o.e.m.c.i.embedder.EclipseLogger - Using platform encoding (Cp1251 actually) to copy filtered resources, i.e. build is platform dependent!
2016-12-29 18:39:28,883 [Worker-18] INFO  o.e.m.c.i.embedder.EclipseLogger - skip non existing resourceDirectory C:\Users\컨杖欌渠\Documents\GitHub\SurveyService\SurveyRESTfulService\SurveyRESTfulService\src\main\resources
2016-12-29 18:39:28,887 [Worker-18] WARN  o.e.m.c.i.embedder.EclipseLogger - Using platform encoding (Cp1251 actually) to copy filtered resources, i.e. build is platform dependent!
2016-12-29 18:39:28,990 [Worker-18] INFO  o.e.m.c.i.embedder.EclipseLogger - skip non existing resourceDirectory C:\Users\컨杖欌渠\Documents\GitHub\SurveyService\SurveyRESTfulService\SurveyRESTfulService\src\test\resources
2016-12-29 18:39:28,991 [Worker-18] INFO  o.e.m.w.i.f.ResourceFilteringBuildParticipant - Changed resources require a complete clean of filtered resources of SurveyRESTfulService
2016-12-29 18:39:28,992 [Worker-18] INFO  o.e.m.w.i.f.ResourceFilteringBuildParticipant - Executing resource filtering for SurveyRESTfulService
2016-12-29 18:39:29,035 [Worker-18] WARN  o.e.m.c.i.embedder.EclipseLogger - Using platform encoding (Cp1251 actually) to copy filtered resources, i.e. build is platform dependent!
2016-12-29 18:39:29,191 [Worker-19] INFO  o.e.m.j.i.AbstractJavaProjectConfigurator - Adding source folder /SurveyRESTfulService/src
2016-12-29 18:39:29,192 [Worker-19] INFO  o.e.m.j.i.AbstractJavaProjectConfigurator - Not adding source folder /SurveyRESTfulService/src/test/java because it overlaps with /SurveyRESTfulService/src
2016-12-29 18:39:29,625 [Worker-19] INFO  o.e.m.w.i.f.ResourceFilteringBuildParticipant - Cleaning filtered folder for SurveyRESTfulService
2016-12-29 18:39:29,698 [Worker-19] INFO  o.e.m.c.i.p.ProjectConfigurationManager - Update completed: 3 sec
2016-12-29 18:39:30,255 [Worker-17] WARN  o.e.m.c.i.embedder.EclipseLogger - Using platform encoding (Cp1251 actually) to copy filtered resources, i.e. build is platform dependent!
2016-12-29 18:39:30,346 [Worker-17] INFO  o.e.m.c.i.embedder.EclipseLogger - skip non existing resourceDirectory C:\Users\컨杖欌渠\Documents\GitHub\SurveyService\SurveyRESTfulService\SurveyRESTfulService\src\main\resources
2016-12-29 18:39:30,353 [Worker-17] WARN  o.e.m.c.i.embedder.EclipseLogger - Using platform encoding (Cp1251 actually) to copy filtered resources, i.e. build is platform dependent!
2016-12-29 18:39:30,440 [Worker-17] INFO  o.e.m.c.i.embedder.EclipseLogger - skip non existing resourceDirectory C:\Users\컨杖欌渠\Documents\GitHub\SurveyService\SurveyRESTfulService\SurveyRESTfulService\src\test\resources
2016-12-29 18:39:30,471 [Worker-17] INFO  o.e.m.w.i.f.ResourceFilteringBuildParticipant - Changed resources require a complete clean of filtered resources of SurveyRESTfulService
2016-12-29 18:39:30,471 [Worker-17] INFO  o.e.m.w.i.f.ResourceFilteringBuildParticipant - Executing resource filtering for SurveyRESTfulService
2016-12-29 18:39:30,479 [Worker-17] WARN  o.e.m.c.i.embedder.EclipseLogger - Using platform encoding (Cp1251 actually) to copy filtered resources, i.e. build is platform dependent!
2016-12-29 18:39:40,885 [Worker-18] INFO  o.e.m.c.i.l.LifecycleMappingFactory - Using org.maven.ide.eclipse.wtp.WarLifecycleMapping lifecycle mapping for MavenProject: SurveyRESTfulService:SurveyRESTfulService:0.0.1-SNAPSHOT @ C:\Users\컨杖欌渠\Documents\GitHub\SurveyService\SurveyRESTfulService\SurveyRESTfulService\pom.xml.
2016-12-29 18:39:42,062 [Worker-18] WARN  o.e.m.c.i.embedder.EclipseLogger - Using platform encoding (Cp1251 actually) to copy filtered resources, i.e. build is platform dependent!
2016-12-29 18:39:42,095 [Worker-18] INFO  o.e.m.c.i.embedder.EclipseLogger - skip non existing resourceDirectory C:\Users\컨杖欌渠\Documents\GitHub\SurveyService\SurveyRESTfulService\SurveyRESTfulService\src\main\resources
2016-12-29 18:39:42,104 [Worker-18] WARN  o.e.m.c.i.embedder.EclipseLogger - Using platform encoding (Cp1251 actually) to copy filtered resources, i.e. build is platform dependent!
2016-12-29 18:39:42,125 [Worker-18] INFO  o.e.m.c.i.embedder.EclipseLogger - skip non existing resourceDirectory C:\Users\컨杖欌渠\Documents\GitHub\SurveyService\SurveyRESTfulService\SurveyRESTfulService\src\test\resources
2016-12-29 18:39:42,131 [Worker-18] INFO  o.e.m.w.i.f.ResourceFilteringBuildParticipant - Changed resources require a complete clean of filtered resources of SurveyRESTfulService
2016-12-29 18:39:42,132 [Worker-18] INFO  o.e.m.w.i.f.ResourceFilteringBuildParticipant - Executing resource filtering for SurveyRESTfulService
2016-12-29 18:39:42,138 [Worker-18] WARN  o.e.m.c.i.embedder.EclipseLogger - Using platform encoding (Cp1251 actually) to copy filtered resources, i.e. build is platform dependent!
2016-12-29 18:40:07,142 [Worker-19] WARN  o.e.m.c.i.embedder.EclipseLogger - Using platform encoding (Cp1251 actually) to copy filtered resources, i.e. build is platform dependent!
2016-12-29 18:40:07,212 [Worker-19] INFO  o.e.m.c.i.embedder.EclipseLogger - skip non existing resourceDirectory C:\Users\컨杖欌渠\Documents\GitHub\SurveyService\SurveyRESTfulService\SurveyRESTfulService\src\main\resources
2016-12-29 18:40:07,221 [Worker-19] WARN  o.e.m.c.i.embedder.EclipseLogger - Using platform encoding (Cp1251 actually) to copy filtered resources, i.e. build is platform dependent!
2016-12-29 18:40:07,270 [Worker-19] INFO  o.e.m.c.i.embedder.EclipseLogger - skip non existing resourceDirectory C:\Users\컨杖欌渠\Documents\GitHub\SurveyService\SurveyRESTfulService\SurveyRESTfulService\src\test\resources
2016-12-29 18:40:14,312 [Worker-16] WARN  o.e.m.c.i.embedder.EclipseLogger - Using platform encoding (Cp1251 actually) to copy filtered resources, i.e. build is platform dependent!
2016-12-29 18:40:14,400 [Worker-16] INFO  o.e.m.c.i.embedder.EclipseLogger - skip non existing resourceDirectory C:\Users\컨杖欌渠\Documents\GitHub\SurveyService\SurveyRESTfulService\SurveyRESTfulService\src\main\resources
2016-12-29 18:40:14,461 [Worker-16] WARN  o.e.m.c.i.embedder.EclipseLogger - Using platform encoding (Cp1251 actually) to copy filtered resources, i.e. build is platform dependent!
2016-12-29 18:40:14,508 [Worker-16] INFO  o.e.m.c.i.embedder.EclipseLogger - skip non existing resourceDirectory C:\Users\컨杖欌渠\Documents\GitHub\SurveyService\SurveyRESTfulService\SurveyRESTfulService\src\test\resources
2016-12-29 18:40:52,211 [Worker-5] WARN  o.e.m.c.i.embedder.EclipseLogger - Using platform encoding (Cp1251 actually) to copy filtered resources, i.e. build is platform dependent!
2016-12-29 18:40:52,247 [Worker-5] INFO  o.e.m.c.i.embedder.EclipseLogger - skip non existing resourceDirectory C:\Users\컨杖欌渠\Documents\GitHub\SurveyService\SurveyRESTfulService\SurveyRESTfulService\src\main\resources
2016-12-29 18:40:52,270 [Worker-5] WARN  o.e.m.c.i.embedder.EclipseLogger - Using platform encoding (Cp1251 actually) to copy filtered resources, i.e. build is platform dependent!
2016-12-29 18:40:52,296 [Worker-5] INFO  o.e.m.c.i.embedder.EclipseLogger - skip non existing resourceDirectory C:\Users\컨杖欌渠\Documents\GitHub\SurveyService\SurveyRESTfulService\SurveyRESTfulService\src\test\resources
2016-12-29 18:41:48,987 [Worker-8] WARN  o.e.m.c.i.embedder.EclipseLogger - Using platform encoding (Cp1251 actually) to copy filtered resources, i.e. build is platform dependent!
2016-12-29 18:41:49,034 [Worker-8] INFO  o.e.m.c.i.embedder.EclipseLogger - skip non existing resourceDirectory C:\Users\컨杖欌渠\Documents\GitHub\SurveyService\SurveyRESTfulService\SurveyRESTfulService\src\main\resources
2016-12-29 18:41:49,055 [Worker-8] WARN  o.e.m.c.i.embedder.EclipseLogger - Using platform encoding (Cp1251 actually) to copy filtered resources, i.e. build is platform dependent!
2016-12-29 18:41:49,098 [Worker-8] INFO  o.e.m.c.i.embedder.EclipseLogger - skip non existing resourceDirectory C:\Users\컨杖欌渠\Documents\GitHub\SurveyService\SurveyRESTfulService\SurveyRESTfulService\src\test\resources
2016-12-29 18:42:03,635 [Worker-11] WARN  o.e.m.c.i.embedder.EclipseLogger - Using platform encoding (Cp1251 actually) to copy filtered resources, i.e. build is platform dependent!
2016-12-29 18:42:03,650 [Worker-11] INFO  o.e.m.c.i.embedder.EclipseLogger - skip non existing resourceDirectory C:\Users\컨杖欌渠\Documents\GitHub\SurveyService\SurveyRESTfulService\SurveyRESTfulService\src\main\resources
2016-12-29 18:42:03,657 [Worker-11] WARN  o.e.m.c.i.embedder.EclipseLogger - Using platform encoding (Cp1251 actually) to copy filtered resources, i.e. build is platform dependent!
2016-12-29 18:42:03,672 [Worker-11] INFO  o.e.m.c.i.embedder.EclipseLogger - skip non existing resourceDirectory C:\Users\컨杖欌渠\Documents\GitHub\SurveyService\SurveyRESTfulService\SurveyRESTfulService\src\test\resources
2016-12-29 18:42:15,781 [Worker-18] WARN  o.e.m.c.i.embedder.EclipseLogger - Using platform encoding (Cp1251 actually) to copy filtered resources, i.e. build is platform dependent!
2016-12-29 18:42:15,823 [Worker-18] INFO  o.e.m.c.i.embedder.EclipseLogger - skip non existing resourceDirectory C:\Users\컨杖欌渠\Documents\GitHub\SurveyService\SurveyRESTfulService\SurveyRESTfulService\src\main\resources
2016-12-29 18:42:15,834 [Worker-18] WARN  o.e.m.c.i.embedder.EclipseLogger - Using platform encoding (Cp1251 actually) to copy filtered resources, i.e. build is platform dependent!
2016-12-29 18:42:15,893 [Worker-18] INFO  o.e.m.c.i.embedder.EclipseLogger - skip non existing resourceDirectory C:\Users\컨杖欌渠\Documents\GitHub\SurveyService\SurveyRESTfulService\SurveyRESTfulService\src\test\resources
2016-12-29 18:42:24,036 [Worker-17] WARN  o.e.m.c.i.embedder.EclipseLogger - Using platform encoding (Cp1251 actually) to copy filtered resources, i.e. build is platform dependent!
2016-12-29 18:42:24,056 [Worker-17] INFO  o.e.m.c.i.embedder.EclipseLogger - skip non existing resourceDirectory C:\Users\컨杖欌渠\Documents\GitHub\SurveyService\SurveyRESTfulService\SurveyRESTfulService\src\main\resources
2016-12-29 18:42:24,068 [Worker-17] WARN  o.e.m.c.i.embedder.EclipseLogger - Using platform encoding (Cp1251 actually) to copy filtered resources, i.e. build is platform dependent!
2016-12-29 18:42:24,080 [Worker-17] INFO  o.e.m.c.i.embedder.EclipseLogger - skip non existing resourceDirectory C:\Users\컨杖欌渠\Documents\GitHub\SurveyService\SurveyRESTfulService\SurveyRESTfulService\src\test\resources
2016-12-29 18:42:31,112 [Worker-20] INFO  o.e.m.w.i.f.ResourceFilteringBuildParticipant - Cleaning filtered folder for SurveyRESTfulService
2016-12-29 18:42:31,336 [Worker-15] WARN  o.e.m.c.i.embedder.EclipseLogger - Using platform encoding (Cp1251 actually) to copy filtered resources, i.e. build is platform dependent!
2016-12-29 18:42:31,368 [Worker-15] INFO  o.e.m.c.i.embedder.EclipseLogger - skip non existing resourceDirectory C:\Users\컨杖欌渠\Documents\GitHub\SurveyService\SurveyRESTfulService\SurveyRESTfulService\src\main\resources
2016-12-29 18:42:31,394 [Worker-15] WARN  o.e.m.c.i.embedder.EclipseLogger - Using platform encoding (Cp1251 actually) to copy filtered resources, i.e. build is platform dependent!
2016-12-29 18:42:31,404 [Worker-15] INFO  o.e.m.c.i.embedder.EclipseLogger - skip non existing resourceDirectory C:\Users\컨杖欌渠\Documents\GitHub\SurveyService\SurveyRESTfulService\SurveyRESTfulService\src\test\resources
2016-12-29 18:42:31,412 [Worker-15] INFO  o.e.m.w.i.f.ResourceFilteringBuildParticipant - Changed resources require a complete clean of filtered resources of SurveyRESTfulService
2016-12-29 18:42:31,412 [Worker-15] INFO  o.e.m.w.i.f.ResourceFilteringBuildParticipant - Executing resource filtering for SurveyRESTfulService
2016-12-29 18:42:31,435 [Worker-15] WARN  o.e.m.c.i.embedder.EclipseLogger - Using platform encoding (Cp1251 actually) to copy filtered resources, i.e. build is platform dependent!
2016-12-29 18:42:42,729 [Worker-17] INFO  o.e.m.c.i.p.ProjectConfigurationManager - Update started
2016-12-29 18:42:43,346 [Worker-17] INFO  o.e.m.c.i.l.LifecycleMappingFactory - Using org.maven.ide.eclipse.wtp.WarLifecycleMapping lifecycle mapping for MavenProject: SurveyRESTfulService:SurveyRESTfulService:0.0.1-SNAPSHOT @ C:\Users\컨杖欌渠\Documents\GitHub\SurveyService\SurveyRESTfulService\SurveyRESTfulService\pom.xml.
2016-12-29 18:42:44,550 [Worker-17] INFO  o.e.m.j.i.AbstractJavaProjectConfigurator - Adding source folder /SurveyRESTfulService/src
2016-12-29 18:42:44,565 [Worker-17] INFO  o.e.m.j.i.AbstractJavaProjectConfigurator - Not adding source folder /SurveyRESTfulService/src/test/java because it overlaps with /SurveyRESTfulService/src
2016-12-29 18:42:45,094 [Worker-17] INFO  o.e.m.w.i.f.ResourceFilteringBuildParticipant - Cleaning filtered folder for SurveyRESTfulService
2016-12-29 18:42:45,112 [Worker-17] INFO  o.e.m.c.i.p.ProjectConfigurationManager - Update completed: 2 sec
2016-12-29 18:42:45,472 [Worker-5] WARN  o.e.m.c.i.embedder.EclipseLogger - Using platform encoding (Cp1251 actually) to copy filtered resources, i.e. build is platform dependent!
2016-12-29 18:42:45,508 [Worker-5] INFO  o.e.m.c.i.embedder.EclipseLogger - skip non existing resourceDirectory C:\Users\컨杖欌渠\Documents\GitHub\SurveyService\SurveyRESTfulService\SurveyRESTfulService\src\main\resources
2016-12-29 18:42:45,512 [Worker-5] WARN  o.e.m.c.i.embedder.EclipseLogger - Using platform encoding (Cp1251 actually) to copy filtered resources, i.e. build is platform dependent!
2016-12-29 18:42:45,535 [Worker-5] INFO  o.e.m.c.i.embedder.EclipseLogger - skip non existing resourceDirectory C:\Users\컨杖欌渠\Documents\GitHub\SurveyService\SurveyRESTfulService\SurveyRESTfulService\src\test\resources
2016-12-29 18:42:45,535 [Worker-5] INFO  o.e.m.w.i.f.ResourceFilteringBuildParticipant - Changed resources require a complete clean of filtered resources of SurveyRESTfulService
2016-12-29 18:42:45,535 [Worker-5] INFO  o.e.m.w.i.f.ResourceFilteringBuildParticipant - Executing resource filtering for SurveyRESTfulService
2016-12-29 18:42:45,544 [Worker-5] WARN  o.e.m.c.i.embedder.EclipseLogger - Using platform encoding (Cp1251 actually) to copy filtered resources, i.e. build is platform dependent!
2016-12-29 18:43:06,650 [main] INFO  o.e.m2e.actions.ExecutePomAction - Creating new launch configuration
2016-12-29 18:43:16,303 [Worker-20] INFO  o.e.m.i.launch.MavenLaunchDelegate - C:\Users\컨杖欌渠\Documents\GitHub\SurveyService\SurveyRESTfulService\SurveyRESTfulService
2016-12-29 18:43:16,306 [Worker-20] INFO  o.e.m.i.launch.MavenLaunchDelegate -  mvn -B clean install
2016-12-29 18:44:59,148 [Worker-11] WARN  o.e.m.c.i.embedder.EclipseLogger - Using platform encoding (Cp1251 actually) to copy filtered resources, i.e. build is platform dependent!
2016-12-29 18:44:59,164 [Worker-11] INFO  o.e.m.c.i.embedder.EclipseLogger - skip non existing resourceDirectory C:\Users\컨杖欌渠\Documents\GitHub\SurveyService\SurveyRESTfulService\SurveyRESTfulService\src\main\resources
2016-12-29 18:44:59,166 [Worker-11] WARN  o.e.m.c.i.embedder.EclipseLogger - Using platform encoding (Cp1251 actually) to copy filtered resources, i.e. build is platform dependent!
2016-12-29 18:44:59,191 [Worker-11] INFO  o.e.m.c.i.embedder.EclipseLogger - skip non existing resourceDirectory C:\Users\컨杖欌渠\Documents\GitHub\SurveyService\SurveyRESTfulService\SurveyRESTfulService\src\test\resources
2016-12-29 18:45:02,962 [Worker-21] WARN  o.e.m.c.i.embedder.EclipseLogger - Using platform encoding (Cp1251 actually) to copy filtered resources, i.e. build is platform dependent!
2016-12-29 18:45:02,985 [Worker-21] INFO  o.e.m.c.i.embedder.EclipseLogger - skip non existing resourceDirectory C:\Users\컨杖欌渠\Documents\GitHub\SurveyService\SurveyRESTfulService\SurveyRESTfulService\src\main\resources
2016-12-29 18:45:02,993 [Worker-21] WARN  o.e.m.c.i.embedder.EclipseLogger - Using platform encoding (Cp1251 actually) to copy filtered resources, i.e. build is platform dependent!
2016-12-29 18:45:03,008 [Worker-21] INFO  o.e.m.c.i.embedder.EclipseLogger - skip non existing resourceDirectory C:\Users\컨杖欌渠\Documents\GitHub\SurveyService\SurveyRESTfulService\SurveyRESTfulService\src\test\resources
2016-12-29 18:45:13,948 [main] INFO  o.e.m2e.actions.ExecutePomAction - Creating new launch configuration
2016-12-29 18:45:24,041 [Worker-18] INFO  o.e.m.i.launch.MavenLaunchDelegate - C:\Users\컨杖欌渠\Documents\GitHub\SurveyService\SurveyRESTfulService\SurveyRESTfulService
2016-12-29 18:45:24,054 [Worker-18] INFO  o.e.m.i.launch.MavenLaunchDelegate -  mvn -B clean install
2016-12-29 18:46:17,728 [Worker-16] WARN  o.e.m.c.i.embedder.EclipseLogger - Using platform encoding (Cp1251 actually) to copy filtered resources, i.e. build is platform dependent!
2016-12-29 18:46:17,763 [Worker-16] INFO  o.e.m.c.i.embedder.EclipseLogger - skip non existing resourceDirectory C:\Users\컨杖欌渠\Documents\GitHub\SurveyService\SurveyRESTfulService\SurveyRESTfulService\src\main\resources
2016-12-29 18:46:17,782 [Worker-16] WARN  o.e.m.c.i.embedder.EclipseLogger - Using platform encoding (Cp1251 actually) to copy filtered resources, i.e. build is platform dependent!
2016-12-29 18:46:17,829 [Worker-16] INFO  o.e.m.c.i.embedder.EclipseLogger - skip non existing resourceDirectory C:\Users\컨杖欌渠\Documents\GitHub\SurveyService\SurveyRESTfulService\SurveyRESTfulService\src\test\resources
2016-12-29 18:46:59,024 [Worker-15] INFO  o.e.m.w.i.f.ResourceFilteringBuildParticipant - Cleaning filtered folder for SurveyRESTfulService
2016-12-29 18:46:59,266 [Worker-19] WARN  o.e.m.c.i.embedder.EclipseLogger - Using platform encoding (Cp1251 actually) to copy filtered resources, i.e. build is platform dependent!
2016-12-29 18:46:59,380 [Worker-19] INFO  o.e.m.c.i.embedder.EclipseLogger - skip non existing resourceDirectory C:\Users\컨杖欌渠\Documents\GitHub\SurveyService\SurveyRESTfulService\SurveyRESTfulService\src\main\resources
2016-12-29 18:46:59,439 [Worker-19] WARN  o.e.m.c.i.embedder.EclipseLogger - Using platform encoding (Cp1251 actually) to copy filtered resources, i.e. build is platform dependent!
2016-12-29 18:46:59,525 [Worker-19] INFO  o.e.m.c.i.embedder.EclipseLogger - skip non existing resourceDirectory C:\Users\컨杖欌渠\Documents\GitHub\SurveyService\SurveyRESTfulService\SurveyRESTfulService\src\test\resources
2016-12-29 18:46:59,526 [Worker-19] INFO  o.e.m.w.i.f.ResourceFilteringBuildParticipant - Changed resources require a complete clean of filtered resources of SurveyRESTfulService
2016-12-29 18:46:59,541 [Worker-19] INFO  o.e.m.w.i.f.ResourceFilteringBuildParticipant - Executing resource filtering for SurveyRESTfulService
2016-12-29 18:46:59,559 [Worker-19] WARN  o.e.m.c.i.embedder.EclipseLogger - Using platform encoding (Cp1251 actually) to copy filtered resources, i.e. build is platform dependent!
